[debug] [2023-01-28T13:52:05.358Z] ----------------------------------------------------------------------
[debug] [2023-01-28T13:52:05.360Z] Command:       C:\Program Files\nodejs\node.exe C:\Users\LENOVO\AppData\Roaming\npm\node_modules\firebase-tools\lib\bin\firebase.js init
[debug] [2023-01-28T13:52:05.361Z] CLI Version:   11.19.0
[debug] [2023-01-28T13:52:05.361Z] Platform:      win32
[debug] [2023-01-28T13:52:05.361Z] Node Version:  v16.13.1
[debug] [2023-01-28T13:52:05.362Z] Time:          Sat Jan 28 2023 19:22:05 GMT+0530 (India Standard Time)
[debug] [2023-01-28T13:52:05.363Z] ----------------------------------------------------------------------
[debug] 
[debug] [2023-01-28T13:52:05.372Z] > command requires scopes: ["email","openid","https://www.googleapis.com/auth/cloudplatformprojects.readonly","https://www.googleapis.com/auth/firebase","https://www.googleapis.com/auth/cloud-platform"]
[debug] [2023-01-28T13:52:05.373Z] > authorizing via signed-in user (pugbap384@gmail.com)
[info] 
     ######## #### ########  ######## ########     ###     ######  ########
     ##        ##  ##     ## ##       ##     ##  ##   ##  ##       ##
     ######    ##  ########  ######   ########  #########  ######  ######
     ##        ##  ##    ##  ##       ##     ## ##     ##       ## ##
     ##       #### ##     ## ######## ########  ##     ##  ######  ########

You're about to initialize a Firebase project in this directory:

  C:\Users\LENOVO\Desktop\Netflix clone using react\netflix-clone

[info] 
=== Project Setup
[info] 
[info] First, let's associate this project directory with a Firebase project.
[info] You can create multiple project aliases by running firebase use --add, 
[info] but for now we'll just set up a default project.
[info] 
[debug] [2023-01-28T13:52:19.502Z] >>> [apiv2][query] GET https://firebase.googleapis.com/v1beta1/projects pageSize=100
[debug] [2023-01-28T13:52:21.090Z] <<< [apiv2][status] GET https://firebase.googleapis.com/v1beta1/projects 200
[debug] [2023-01-28T13:52:21.090Z] <<< [apiv2][body] GET https://firebase.googleapis.com/v1beta1/projects [omitted]
[info] i  Using project netflix-clone-14202 (Netflix-clone) 
[info] 
=== Hosting Setup
[info] 
[info] Your public directory is the folder (relative to your project directory) that
[info] will contain Hosting assets to be uploaded with firebase deploy. If you
[info] have a build process for your assets, use your build's output directory.
[info] 
[debug] [2023-01-28T13:53:25.127Z] >>> [apiv2][query] GET https://www.gstatic.com/firebasejs/releases.json [none]
[debug] [2023-01-28T13:53:25.368Z] <<< [apiv2][status] GET https://www.gstatic.com/firebasejs/releases.json 200
[debug] [2023-01-28T13:53:25.369Z] <<< [apiv2][body] GET https://www.gstatic.com/firebasejs/releases.json {"current":{"version":"9.16.0","browserURL":"https://www.gstatic.com/firebasejs/9.16.0/firebase.js","packageURL":"https://www.gstatic.com/firebasejs/9.16.0/firebase.tgz"},"live":{"version":"9.16","browserURL":"https://www.gstatic.com/firebasejs/live/9.16/firebase.js","packageURL":"https://www.gstatic.com/firebasejs/live/9.16/firebase.tgz"},"components":{"analytics":"https://www.gstatic.com/firebasejs/9.16.0/firebase-analytics.js","app":"https://www.gstatic.com/firebasejs/9.16.0/firebase-app.js","app-check":"https://www.gstatic.com/firebasejs/9.16.0/firebase-app-check.js","auth":"https://www.gstatic.com/firebasejs/9.16.0/firebase-auth.js","auth/cordova":"https://www.gstatic.com/firebasejs/9.16.0/firebase-auth/cordova.js","auth/react-native":"https://www.gstatic.com/firebasejs/9.16.0/firebase-auth/react-native.js","functions":"https://www.gstatic.com/firebasejs/9.16.0/firebase-functions.js","firestore":"https://www.gstatic.com/firebasejs/9.16.0/firebase-firestore.js","firestore/lite":"https://www.gstatic.com/firebasejs/9.16.0/firebase-firestore/lite.js","installations":"https://www.gstatic.com/firebasejs/9.16.0/firebase-installations.js","storage":"https://www.gstatic.com/firebasejs/9.16.0/firebase-storage.js","performance":"https://www.gstatic.com/firebasejs/9.16.0/firebase-performance.js","remote-config":"https://www.gstatic.com/firebasejs/9.16.0/firebase-remote-config.js","messaging":"https://www.gstatic.com/firebasejs/9.16.0/firebase-messaging.js","messaging/sw":"https://www.gstatic.com/firebasejs/9.16.0/firebase-messaging/sw.js","database":"https://www.gstatic.com/firebasejs/9.16.0/firebase-database.js","firestore.memory":"https://www.gstatic.com/firebasejs/9.16.0/firebase-firestore.memory.js"}}
[info] +  Wrote build/index.html 
[info] 
[info] i  Detected a .git folder at C:\Users\LENOVO\Desktop\Netflix clone using react\netflix-clone 
[info] i  Authorizing with GitHub to upload your service account to a GitHub repository's secrets store. 
[info] 
[info] Visit this URL on this device to log in:
[info] https://github.com/login/oauth/authorize?client_id=89cf50f02ac6aaed3484&state=61822300&redirect_uri=http%3A%2F%2Flocalhost%3A9005&scope=read%3Auser%20repo%20public_repo
[info] 
[info] Waiting for authentication...
[debug] [2023-01-28T13:53:45.079Z] >>> [apiv2][query] POST https://github.com/login/oauth/access_token [none]
[debug] [2023-01-28T13:53:45.079Z] >>> [apiv2][body] POST https://github.com/login/oauth/access_token [stream]
[debug] [2023-01-28T13:53:45.483Z] <<< [apiv2][status] POST https://github.com/login/oauth/access_token 200
[debug] [2023-01-28T13:53:45.483Z] <<< [apiv2][body] POST https://github.com/login/oauth/access_token {"access_token":"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","token_type":"bearer","scope":"read:user,repo"}
[debug] [2023-01-28T13:53:45.490Z] >>> [apiv2][query] GET https://api.github.com/user [none]
[debug] [2023-01-28T13:53:45.947Z] <<< [apiv2][status] GET https://api.github.com/user 200
[debug] [2023-01-28T13:53:45.948Z] <<< [apiv2][body] GET https://api.github.com/user {"login":"gauravrajbhar07","id":62788378,"node_id":"MDQ6VXNlcjYyNzg4Mzc4","avatar_url":"https://avatars.githubusercontent.com/u/62788378?v=4","gravatar_id":"","url":"https://api.github.com/users/gauravrajbhar07","html_url":"https://github.com/gauravrajbhar07","followers_url":"https://api.github.com/users/gauravrajbhar07/followers","following_url":"https://api.github.com/users/gauravrajbhar07/following{/other_user}","gists_url":"https://api.github.com/users/gauravrajbhar07/gists{/gist_id}","starred_url":"https://api.github.com/users/gauravrajbhar07/starred{/owner}{/repo}","subscriptions_url":"https://api.github.com/users/gauravrajbhar07/subscriptions","organizations_url":"https://api.github.com/users/gauravrajbhar07/orgs","repos_url":"https://api.github.com/users/gauravrajbhar07/repos","events_url":"https://api.github.com/users/gauravrajbhar07/events{/privacy}","received_events_url":"https://api.github.com/users/gauravrajbhar07/received_events","type":"User","site_admin":false,"name":"Gaurav Rajbhar","company":null,"blog":"","location":"gujarat ","email":null,"hireable":null,"bio":"I'm a student pursuing my bachelors in CSE from Parul University. I've always had a keen interest in Cloud Computing and Networking fundamentals. ","twitter_username":"pugbap384","public_repos":24,"public_gists":0,"followers":7,"following":6,"created_at":"2020-03-28T07:28:16Z","updated_at":"2022-11-22T02:53:08Z","private_gists":0,"total_private_repos":3,"owned_private_repos":3,"disk_usage":167092,"collaborators":0,"two_factor_authentication":false,"plan":{"name":"free","space":976562499,"collaborators":0,"private_repos":10000}}
[info] 
[info] +  Success! Logged into GitHub as gauravrajbhar07 
[info] 
[debug] [2023-01-28T13:56:01.471Z] >>> [apiv2][query] GET https://api.github.com/repos/no/actions/secrets/public-key type=owner
[debug] [2023-01-28T13:56:02.015Z] <<< [apiv2][status] GET https://api.github.com/repos/no/actions/secrets/public-key 404
[debug] [2023-01-28T13:56:02.015Z] <<< [apiv2][body] GET https://api.github.com/repos/no/actions/secrets/public-key {"message":"Not Found","documentation_url":"https://docs.github.com/rest"}
